           1                    0
           2                    0
           3                    0
           4                    0
           5                    0
           6                    0
           7                    0
           8                    0
           9                    0
          10                    0
          11      ixy           1
          12    igeom           1
          13    iflat           0
          14     ibmc           0
          15     icmd           0
          16     ides           0
          17   iquick           0
          18   igrayq           0
          19                    0
          20                    0
          21     igeo           1
          22   iflat1           0
          23   iflat2           0
          24     ical           0
          25 --------           0
          26                    0
          27                    0
          28     nfx1           1
          29     nfx2           1
          30     nfy1           1
          31     nfy2           2
          32     nfb1           0
          33     nfb2           0
          34                    0
          35     nob1           1
          36     nob2           5
          37    ntmax           5
          38  priscan           4
          39  nobstep           5
          40                    0
          41      dob    20170330
          42     tob1    10200351
          43     tob2    24000000
          44     tdc1           0
          45     tdc2    24000000
          46     tfs1           0
          47     tfs2           0
          48    calfs          -1
          49                    0
          50     tff1      959000
          51     tff2     2400000
          52      nff           1
          53 ------             0
          54                    0
          55                    0
          56     kold           0
          57     knew           1
          58       is        1536
          59       js        1024
          60       li      442000
          61       lj       61000
          62    jypas       45000
          63    nline           1
          64    ncam1           1
          65       nm           9
          66     lbda        6563
          67     dlbd         300
          68   mupris        9000
          69   mustep        2500
          70                    0
          71    nwinp           1
          72   interc          15
          73                    0
          74    nbcln        1024
          75    nblgn        1536
          76   invern           0
          77                    0
          78                    0
          79                    0
          80      idc           1
          81                    0
          82                    0
          83       si          15
          84                    0
          85  mingrad           8
          86   interp           1
          87      sgi           8
          88       sj          15
          89      sgj           5
          90     iadd           0
          91  milangi         -40
          92                    0
          93   milgeo        2000
          94                    0
          95    nleft           0
          96   nright           0
          97       i1           1
          98      i2m           0
          99                    0
         100       j1           1
         101      j2m           0
         102      lip          40
         103                    0
         104                    0
         105                    0
         106                    0
         107                    0
         108     jeps          20
         109                    0
         110                    0
         111    intvi          60
         112                    0
         113                    0
         114                    0
         115    intvj          30
         116                    0
         117                    0
         118                    0
         119     leps          50
         120                    0
         121                    0
         122                    0
         123                    0
         124                    0
         125       n1           1
         126                    0
         127                    0
         128   distor           1
         129                    0
         130                    0
         131                    0
         132    calfs          -1
         133                    0
         134 -----              0
         135    iswap           1
         136   milsec         500
         137                    0
         138 end                0
 par1     nfx1       0       1
 par1     nfx2       0       1
 par1     nfy1       0       1
 par1     nfy2       0       2
 par1     nfb1       0       0
 par1     nfb2       0       0
 par1       is       0    1536
 par1       js       0    1024
  
  Loop nxy            1
 nf file(nxy,nf)    1  m010_b0101_ms_20170330_09564585_x1.fit
  xname x170330_09564585_00000
  nxy,  useful nfiles(nxy)=            1           1
  
  Average nxy            1
  from file            1  to            1
  nxy,nf,file(nxy,nf)            1           1 m010_b0101_ms_20170330_09564585_x1.fit
  subroutine counthead
head: SIMPLE  =                    T                                                  BITPIX  =                   16                                                  NAXIS   =                    2                                                  NAXIS1  =                 1536                                                  NAXIS2  =                 1024                                                                                                                                  END                 
  readfits ipermu=           1
  readfits iu,inbhead,is,js,ipermu,ktab          21           1        1536        1024           1           1
  lswap in auxl1(1) auxl1(2) out   15360 T F     60
  nxy=           1   file(           1 ) 
  nxy, denom(nxy)            1   1.00000000    
  write iut,head(2),head(3),isp,jsp          31        1024        1536        1024        1536
  tabpermu test   nxy=           1
     102     60   60   60   60   60   60   62   59   60   58   60
     921     59   61   59   61   61   62   59   60   60   60   61
 x170330_09564585_00000    denom= 1.000  extreme points     60   61   61   60
   1     60   61   60   62   62   60   62   62   61   60   61
 101     60   61   62   59   62   62   60   60   62   61   61
 201     60   60   60   62   60   60   60   61   62   59   62
 301     60   60   60   59   61   59   60   60   60   60   60
 401     60   61   60   61   59   60   60   61   59   61   59
 501     60   60   60   60   62   61   60   61   61   62   60
 601     61   60   62   60   62   60   59   61   62   60   61
 701     60   60   60   62   60   61   60   61   61   60   61
 801     60   60   59   59   58   60   61   60   62   60   60
 901     63   62   59   61   60   61   59   61   60   61   61
1001     61   60   60   60   60   59   60   61   61   61   61
1101     60   62   61   61   60   61   60   61   61   60   60
1201     60   61   62   60   61   60   60   60   60   61   61
1301     62   61   60   61   61   60   60   60   62   60   60
1401     60   61   61   60   61   61   60   61   61   61   61
1501     60   62   61   62   61   61   60   59   61   61   61
  
  Loop nxy            2
 nf file(nxy,nf)    1  m011_b0101_ms_20170330_10013140_y1.fit
 nf file(nxy,nf)    2  m011_b0101_ms_20170330_10013521_y1.fit
  yname y170330_10013521_00000
  nxy,  useful nfiles(nxy)=            2           2
  
  Average nxy            2
  from file            1  to            2
  nxy,nf,file(nxy,nf)            2           1 m011_b0101_ms_20170330_10013140_y1.fit
  subroutine counthead
head: SIMPLE  =                    T                                                  BITPIX  =                   16                                                  NAXIS   =                    2                                                  NAXIS1  =                 1536                                                  NAXIS2  =                 1024                                                                                                                                  END                 
  readfits ipermu=           1
  readfits iu,inbhead,is,js,ipermu,ktab          22           1        1536        1024           1           1
  lswap in auxl1(1) auxl1(2) out   24066 T T    606
  nxy=           2   file(           1 ) 
  nxy,nf,file(nxy,nf)            2           2 m011_b0101_ms_20170330_10013521_y1.fit
  subroutine counthead
  readfits ipermu=           1
  readfits iu,inbhead,is,js,ipermu,ktab          22           1        1536        1024           1           0
  lswap in auxl1(1) auxl1(2) out   24834 T T    609
  nxy=           2   file(           2 ) 
  nxy, denom(nxy)            2   2.00000000    
  write iut,head(2),head(3),isp,jsp          32        1024        1536        1024        1536
  tabpermu test   nxy=           2
     102    105  109  112  122  133  156  175  250 1550 1797 1858
     921    194  274 1530 1639 1703 1783 1855 1888 1911 1905 1947
 y170330_10013521_00000    denom= 2.000  extreme points     67   70   89   69
   1     67   70   73   79   80   85   88   90   88   87   75
 101     82  159  184  227  352 1558 1717 1703 1777 1849  102
 201     83 1857 1955 2061 2100 1952 2222 2157 2162 2056  104
 301     83 1930 1996 2019 2005 1969 1973 2003 1993 2071  107
 401     72  173  188  193  206  474  719  696  752  842  104
 501     75 2069 2025 2129 2002 2036 2089 2040 1951 2031  106
 601     71  680  670  728  732  802  800  882  977 1007  104
 701     71  202  203  205  227  733  714  673  714  716  104
 801     72  701  726  812  825  728  871  918 1003  945  108
 901     71 1015 1013  819  847  849  717  720  655  598  109
1001     70  197  238  256  315 1339 1766 1798 1909 1825  116
1101     71  839  861  824  771  717  669  679  663  590  120
1201     73 2026 2082 2058 1985 2013 2001 1931 1962 1886  121
1301     71  209  242  256  283  371 1775 1962 1982 1956  131
1401     69 1651 1845 1848 1824 1787 1774 1765 1681 1621  121
1501     70   84   94   96  103  109  115  119  120  127  108
  enter geom
 debut geom: nw,gname           1 g170330_10013521_00000
 par1     igeo       1       1
 par1   interc       1      15
 par1       si       1      15
 par1       sj       1      15
 par1      sgi       1       8
 par1      sgj       1       5
 par1  milangi       1     -40
 par1   milgeo       1    2000
 par1       i1       1       1
 par1      i2m       1       0
 par1       j1       1       1
 par1      j2m       1       0
 par1      lip       1      40
 par1     jeps       1      20
 par1    intvi       1      60
 par1    intvj       1      30
 par1     leps       1      50
 par1       n1       1       1
 par1   distor       1       1
  geom kz(2),kz(3)  (im,jm)        1024        1536
  geom: i1,i2m,im,  j1,j2m,jm            1           0        1024           1           0        1536



 par1      idc       1       1
 geom: nseuils, si,sgi,sj,sgj  1    15   8  15   5
 idangle           0
           3        1024        1536           0           0           0           0           0
 ima      7     28
  ima test   im,jm  i1t,i2t           1024        1536           102         921
     102     45   49   52   62   73   96  113  191 1490 1739 1798
     921    135  213 1471 1578 1642 1721 1796 1828 1851 1845 1886
  newgeom: ja 1,2,3          151         501         851
 par1  mingrad       1       8
 par1   interp       1       1
   Newgeom   meanflat:
    22    40    47    56    63    81   139  1630  1781  1822
  1820  1744  1609  1816  2011   242   204  1342  1571  1756
  1906  1970  1968  1880  1660   175   135   614   843  1185
  1318  1577  1765  1929  1954   265   144   514   558   642
   702   995  1223  1463  1570   190   138   674   619   564
   499   536   583   717   872   183   173  1432  1249  1007
   719   633   578   541   495   237   188  1714  1719  1679
  1452  1183   884   724   625   168   186  1759  1954  2003
  1956  1873  1777  1598  1281   855   220  1867  1982  1976
  1956  1917  1878  1784  1651  1128   117    77    64    56
    48    45    38
  edges for 3 j-values
   zmax,zgmax    2011.00000       684.000000    
  
  ja(           1 )=          151
      
  newgeom: left and right edges of each n-channel
 edges: sig, l, n, iedge(n,is),zg(iedge-1/0/+1)  eps     XX      YY
         1.  1  1   112        71.   80.   26. -0.36  110.64  150.00
         1.  1  2   259        28.   62.   35.  0.05  258.05  150.00
         1.  1  3   414        22.   28.   10. -0.24  412.76  150.00
         1.  1  4   560        13.   27.   11. -0.04  558.96  150.00
         1.  1  5   713        30.   36.   10. -0.32  711.68  150.00
         1.  1  6   866        55.   66.   22. -0.30  864.70  150.00
         1.  1  7  1014        64.   81.   29. -0.25 1012.75  150.00
         1.  1  8  1168        51.   99.   57.  0.03 1167.03  150.00
         1.  1  9  1317        74.   90.   33. -0.28 1315.72  150.00
 edges: sig, l, n, iedge(n,is),zg(iedge-1/0/+1)  eps     XX      YY
        -1.  4  1   234       -96. -100.  -28. -0.44  232.56  150.00
        -1.  4  2   381       -25.  -80.  -69.  0.34  380.34  150.00
        -1.  4  3   536       -41. -109.  -71.  0.14  535.14  150.00
        -1.  4  4   683       -73.  -83.  -22. -0.36  681.64  150.00
        -1.  4  5   835       -14.  -52.  -46.  0.36  834.36  150.00
        -1.  4  6   989       -18.  -23.   -8. -0.26  987.74  150.00
        -1.  4  7  1137       -15.  -21.   -8. -0.17 1135.83  150.00
        -1.  4  8  1291       -18.  -40.  -30.  0.18 1290.18  150.00
        -1.  4  9  1440       -33.  -69.  -44.  0.09 1439.09  150.00
  
  ja(           2 )=          501
      
  newgeom: left and right edges of each n-channel
  z(91 to 110) 
    7.    7.    8.    8.    9.   11.   13.   19.   42.   67.
   75.   78.   79.   80.   81.   82.   82.   82.   83.   84.
  zg(91 to 110) 
    1.    2.    2.    3.    3.    7.   19.   66.   73.   23.
    8.    4.    4.    4.    2.   -1.    3.    2.    1.    2.
 edges: sig, l, n, iedge(n,is),zg(iedge-1/0/+1)  eps     XX      YY
         1.  2  1    99        66.   73.   23. -0.38   97.62  500.00
         1.  2  2   246        35.   57.   24. -0.10  244.90  500.00
         1.  2  3   400         9.   26.   19.  0.20  399.20  500.00
         1.  2  4   547        18.   20.    5. -0.40  545.60  500.00
         1.  2  5   699        14.   33.   23.  0.15  698.15  500.00
         1.  2  6   852        40.   72.   42.  0.01  851.01  500.00
         1.  2  7  1000        51.   83.   43. -0.06  998.94  500.00
         1.  2  8  1154        35.   88.   69.  0.24 1153.24  500.00
         1.  2  9  1303        57.   86.   48. -0.07 1301.93  500.00
 edges: sig, l, n, iedge(n,is),zg(iedge-1/0/+1)  eps     XX      YY
        -1.  5  1   221       -73.  -91.  -27. -0.28  219.72  500.00
        -1.  5  2   368       -30.  -84.  -54.  0.15  367.15  500.00
        -1.  5  3   523       -46.  -99.  -53.  0.04  522.04  500.00
        -1.  5  4   669       -23.  -76.  -66.  0.34  668.34  500.00
        -1.  5  5   822       -27.  -50.  -27. -0.00  821.00  500.00
        -1.  5  6   975       -11.  -22.  -14.  0.10  974.10  500.00
        -1.  5  7  1123        -8.  -19.  -14.  0.21 1122.21  500.00
        -1.  5  8  1278       -30.  -36.  -16. -0.26 1276.74  500.00
        -1.  5  9  1427       -58.  -61.  -26. -0.44 1425.56  500.00
  
  ja(           3 )=          851
      
  newgeom: left and right edges of each n-channel
 edges: sig, l, n, iedge(n,is),zg(iedge-1/0/+1)  eps     XX      YY
         1.  3  1    86        69.   72.   23. -0.45   84.55  850.00
         1.  3  2   233        33.   54.   26. -0.08  231.92  850.00
         1.  3  3   387        12.   27.   18.  0.11  386.11  850.00
         1.  3  4   533        10.   22.   13.  0.06  532.06  850.00
         1.  3  5   686        29.   30.   10. -0.43  684.57  850.00
         1.  3  6   839        56.   60.   22. -0.39  837.61  850.00
         1.  3  7   987        72.   78.   28. -0.41  985.59  850.00
         1.  3  8  1141        64.   86.   45. -0.15 1139.85  850.00
         1.  3  9  1289        32.   72.   70.  0.44 1288.44  850.00
 edges: sig, l, n, iedge(n,is),zg(iedge-1/0/+1)  eps     XX      YY
        -1.  6  1   207       -38. -104.  -83.  0.26  206.26  850.00
        -1.  6  2   355       -59.  -81.  -32. -0.20  353.80  850.00
        -1.  6  3   509       -41.  -96.  -63.  0.12  508.12  850.00
        -1.  6  4   655       -24.  -71.  -62.  0.33  654.33  850.00
        -1.  6  5   808       -24.  -50.  -32.  0.09  807.09  850.00
        -1.  6  6   961        -8.  -21.  -17.  0.25  960.25  850.00
        -1.  6  7  1109        -8.  -20.  -18.  0.35 1108.35  850.00
        -1.  6  8  1264       -26.  -38.  -19. -0.10 1262.90  850.00
        -1.  6  9  1413       -53.  -61.  -32. -0.29 1411.71  850.00
 distortion:  0.207  quadratic mean value in pixel-to-pixel distance 
distortion: sig    n    distortion
             1.    1    0.02
             1.    2   -0.09
             1.    3   -0.24
             1.    4    0.09
             1.    5    0.02
             1.    6   -0.14
             1.    7   -0.24
             1.    8   -0.20
             1.    9   -0.15
distortion: sig    n    distortion
            -1.    1    0.31
            -1.    2    0.08
            -1.    3    0.40
            -1.    4    0.35
            -1.    5    0.27
            -1.    6    0.10
            -1.    7    0.12
            -1.    8    0.20
            -1.    9    0.17
  interp            1
  intersec: x1..x4 / y1..y4 / a,b,c,d, xres,yres
   97.62  110.64  135.00  207.00
  500.00  150.00   60.06   58.59
   -0.04  116.22   -0.02   62.83  113.88   60.50
 A: interp,n, x1,x2,x2,x4,  y1,y2,y3,y4, xres,yres
  1  1     97.6  110.6  135.0  207.0    500.0  150.0   60.1   58.6    113.9   60.5
  intersec: x1..x4 / y1..y4 / a,b,c,d, xres,yres
   97.62   84.55  109.00  181.00
  500.00  850.00  947.27  947.28
   -0.04  116.28    0.00  947.24   80.92  947.26
 C: interp,n, x1,x2,x2,x4,  y1,y2,y3,y4, xres,yres
  1  1     97.6   84.6  109.0  181.0    500.0  850.0  947.3  947.3     80.9  947.3
  intersec: x1..x4 / y1..y4 / a,b,c,d, xres,yres
  219.72  232.56  207.00  135.00
  500.00  150.00   58.59   60.06
   -0.04  238.06   -0.02   62.83  235.75   58.00
  intersec: x1..x4 / y1..y4 / a,b,c,d, xres,yres
  219.72  206.26  181.00  109.00
  500.00  850.00  947.28  947.27
   -0.04  238.95    0.00  947.24  202.52  947.29
 F: interp,n, x1,x2,x2,x4,  y1,y2,y3,y4, xres,yres
  1  1    219.7  206.3  181.0  109.0    500.0  850.0  947.3  947.3    202.5  947.3
  intersec: x1..x4 / y1..y4 / a,b,c,d, xres,yres
  244.90  258.05  283.00  355.00
  500.00  150.00   60.81   59.08
   -0.04  263.69   -0.02   67.61  261.15   61.34
 A: interp,n, x1,x2,x2,x4,  y1,y2,y3,y4, xres,yres
  1  2    244.9  258.1  283.0  355.0    500.0  150.0   60.8   59.1    261.2   61.3
  intersec: x1..x4 / y1..y4 / a,b,c,d, xres,yres
  244.90  231.92  256.00  328.00
  500.00  850.00  947.93  947.89
   -0.04  263.45   -0.00  948.07  228.28  947.95
 C: interp,n, x1,x2,x2,x4,  y1,y2,y3,y4, xres,yres
  1  2    244.9  231.9  256.0  328.0    500.0  850.0  947.9  947.9    228.3  947.9
  intersec: x1..x4 / y1..y4 / a,b,c,d, xres,yres
  367.15  380.34  355.00  283.00
  500.00  150.00   59.08   60.81
   -0.04  385.99   -0.02   67.61  383.44   58.40
  intersec: x1..x4 / y1..y4 / a,b,c,d, xres,yres
  367.15  353.80  328.00  256.00
  500.00  850.00  947.89  947.93
   -0.04  386.21   -0.00  948.07  350.07  947.88
 F: interp,n, x1,x2,x2,x4,  y1,y2,y3,y4, xres,yres
  1  2    367.1  353.8  328.0  256.0    500.0  850.0  947.9  947.9    350.1  947.9
  intersec: x1..x4 / y1..y4 / a,b,c,d, xres,yres
  399.20  412.76  437.00  510.00
  500.00  150.00   60.68   59.00
   -0.04  418.58   -0.02   70.74  415.83   61.16
 A: interp,n, x1,x2,x2,x4,  y1,y2,y3,y4, xres,yres
  1  3    399.2  412.8  437.0  510.0    500.0  150.0   60.7   59.0    415.8   61.2
  intersec: x1..x4 / y1..y4 / a,b,c,d, xres,yres
  399.20  386.11  411.00  483.00
  500.00  850.00  947.84  947.86
   -0.04  417.89    0.00  947.73  382.46  947.83
 C: interp,n, x1,x2,x2,x4,  y1,y2,y3,y4, xres,yres
  1  3    399.2  386.1  411.0  483.0    500.0  850.0  947.8  947.9    382.5  947.8
  intersec: x1..x4 / y1..y4 / a,b,c,d, xres,yres
  522.04  535.14  510.00  437.00
  500.00  150.00   59.00   60.68
   -0.04  540.76   -0.02   70.74  538.11   58.35
  intersec: x1..x4 / y1..y4 / a,b,c,d, xres,yres
  522.04  508.12  483.00  411.00
  500.00  850.00  947.86  947.84
   -0.04  541.91    0.00  947.73  504.24  947.87
 F: interp,n, x1,x2,x2,x4,  y1,y2,y3,y4, xres,yres
  1  3    522.0  508.1  483.0  411.0    500.0  850.0  947.9  947.8    504.2  947.9
  intersec: x1..x4 / y1..y4 / a,b,c,d, xres,yres
  545.60  558.96  583.00  656.00
  500.00  150.00   61.17   59.80
   -0.04  564.68   -0.02   72.15  561.93   61.57
 A: interp,n, x1,x2,x2,x4,  y1,y2,y3,y4, xres,yres
  1  4    545.6  559.0  583.0  656.0    500.0  150.0   61.2   59.8    561.9   61.6
  intersec: x1..x4 / y1..y4 / a,b,c,d, xres,yres
  545.60  532.06  557.00  629.00
  500.00  850.00  948.74  948.67
   -0.04  564.94   -0.00  949.26  528.22  948.76
 C: interp,n, x1,x2,x2,x4,  y1,y2,y3,y4, xres,yres
  1  4    545.6  532.1  557.0  629.0    500.0  850.0  948.7  948.7    528.2  948.8
  intersec: x1..x4 / y1..y4 / a,b,c,d, xres,yres
  668.34  681.64  656.00  583.00
  500.00  150.00   59.80   61.17
   -0.04  687.34   -0.02   72.15  684.59   59.26
  intersec: x1..x4 / y1..y4 / a,b,c,d, xres,yres
  668.34  654.33  629.00  557.00
  500.00  850.00  948.67  948.74
   -0.04  688.35   -0.00  949.26  650.36  948.65
 F: interp,n, x1,x2,x2,x4,  y1,y2,y3,y4, xres,yres
  1  4    668.3  654.3  629.0  557.0    500.0  850.0  948.7  948.7    650.4  948.6
  intersec: x1..x4 / y1..y4 / a,b,c,d, xres,yres
  698.15  711.68  736.00  809.00
  500.00  150.00   62.03   60.32
   -0.04  717.48   -0.02   79.28  714.42   62.53
 A: interp,n, x1,x2,x2,x4,  y1,y2,y3,y4, xres,yres
  1  5    698.1  711.7  736.0  809.0    500.0  150.0   62.0   60.3    714.4   62.5
  intersec: x1..x4 / y1..y4 / a,b,c,d, xres,yres
  698.15  684.57  709.00  782.00
  500.00  850.00  949.15  949.17
   -0.04  717.55    0.00  948.93  680.73  949.14
 C: interp,n, x1,x2,x2,x4,  y1,y2,y3,y4, xres,yres
  1  5    698.1  684.6  709.0  782.0    500.0  850.0  949.1  949.2    680.7  949.1
  intersec: x1..x4 / y1..y4 / a,b,c,d, xres,yres
  821.00  834.36  809.00  736.00
  500.00  150.00   60.32   62.03
   -0.04  840.08   -0.02   79.28  837.05   59.66
  intersec: x1..x4 / y1..y4 / a,b,c,d, xres,yres
  821.00  807.09  782.00  709.00
  500.00  850.00  949.17  949.15
   -0.04  840.86    0.00  948.93  803.16  949.18
 F: interp,n, x1,x2,x2,x4,  y1,y2,y3,y4, xres,yres
  1  5    821.0  807.1  782.0  709.0    500.0  850.0  949.2  949.1    803.2  949.2
  intersec: x1..x4 / y1..y4 / a,b,c,d, xres,yres
  851.01  864.70  889.00  962.00
  500.00  150.00   62.36   60.81
   -0.04  870.56   -0.02   81.15  867.39   62.81
 A: interp,n, x1,x2,x2,x4,  y1,y2,y3,y4, xres,yres
  1  6    851.0  864.7  889.0  962.0    500.0  150.0   62.4   60.8    867.4   62.8
  intersec: x1..x4 / y1..y4 / a,b,c,d, xres,yres
  851.01  837.61  862.00  935.00
  500.00  850.00  949.59  949.44
   -0.04  870.16   -0.00  951.38  833.73  949.65
 C: interp,n, x1,x2,x2,x4,  y1,y2,y3,y4, xres,yres
  1  6    851.0  837.6  862.0  935.0    500.0  850.0  949.6  949.4    833.7  949.6
  intersec: x1..x4 / y1..y4 / a,b,c,d, xres,yres
  974.10  987.74  962.00  889.00
  500.00  150.00   60.81   62.36
   -0.04  993.59   -0.02   81.15  990.42   60.21
  intersec: x1..x4 / y1..y4 / a,b,c,d, xres,yres
  974.10  960.25  935.00  862.00
  500.00  850.00  949.44  949.59
   -0.04  993.88   -0.00  951.38  956.24  949.40
 F: interp,n, x1,x2,x2,x4,  y1,y2,y3,y4, xres,yres
  1  6    974.1  960.3  935.0  862.0    500.0  850.0  949.4  949.6    956.2  949.4
  intersec: x1..x4 / y1..y4 / a,b,c,d, xres,yres
  998.94 1012.75 1037.00 1110.00
  500.00  150.00   62.08   60.52
   -0.04 1018.67   -0.02   84.20 1015.35   62.54
 A: interp,n, x1,x2,x2,x4,  y1,y2,y3,y4, xres,yres
  1  7    998.9 1012.8 1037.0 1110.0    500.0  150.0   62.1   60.5   1015.4   62.5
  intersec: x1..x4 / y1..y4 / a,b,c,d, xres,yres
  998.94  985.59 1010.00 1083.00
  500.00  850.00  949.41  949.31
   -0.04 1018.00   -0.00  950.82  981.75  949.45
 C: interp,n, x1,x2,x2,x4,  y1,y2,y3,y4, xres,yres
  1  7    998.9  985.6 1010.0 1083.0    500.0  850.0  949.4  949.3    981.8  949.4
  intersec: x1..x4 / y1..y4 / a,b,c,d, xres,yres
 1122.21 1135.83 1110.00 1037.00
  500.00  150.00   60.52   62.08
   -0.04 1141.66   -0.02   84.20 1138.39   59.91
  intersec: x1..x4 / y1..y4 / a,b,c,d, xres,yres
 1122.21 1108.35 1083.00 1010.00
  500.00  850.00  949.31  949.41
   -0.04 1142.01   -0.00  950.82 1104.35  949.28
 F: interp,n, x1,x2,x2,x4,  y1,y2,y3,y4, xres,yres
  1  7   1122.2 1108.3 1083.0 1010.0    500.0  850.0  949.3  949.4   1104.4  949.3
  intersec: x1..x4 / y1..y4 / a,b,c,d, xres,yres
 1153.24 1167.03 1192.00 1265.00
  500.00  150.00   61.97   60.10
   -0.04 1172.94   -0.03   92.61 1169.29   62.56
 A: interp,n, x1,x2,x2,x4,  y1,y2,y3,y4, xres,yres
  1  8   1153.2 1167.0 1192.0 1265.0    500.0  150.0   62.0   60.1   1169.3   62.6
  intersec: x1..x4 / y1..y4 / a,b,c,d, xres,yres
 1153.24 1139.85 1164.00 1237.00
  500.00  850.00  949.28  949.23
   -0.04 1172.36   -0.00  949.95 1136.03  949.29
 C: interp,n, x1,x2,x2,x4,  y1,y2,y3,y4, xres,yres
  1  8   1153.2 1139.9 1164.0 1237.0    500.0  850.0  949.3  949.2   1136.0  949.3
  intersec: x1..x4 / y1..y4 / a,b,c,d, xres,yres
 1276.74 1290.18 1265.00 1192.00
  500.00  150.00   60.10   61.97
   -0.04 1295.95   -0.03   92.61 1292.39   59.39
  intersec: x1..x4 / y1..y4 / a,b,c,d, xres,yres
 1276.74 1262.90 1237.00 1164.00
  500.00  850.00  949.23  949.28
   -0.04 1296.51   -0.00  949.95 1258.95  949.22
 F: interp,n, x1,x2,x2,x4,  y1,y2,y3,y4, xres,yres
  1  8   1276.7 1262.9 1237.0 1164.0    500.0  850.0  949.2  949.3   1259.0  949.2
  intersec: x1..x4 / y1..y4 / a,b,c,d, xres,yres
 1301.93 1315.72 1340.00 1414.00
  500.00  150.00   62.79   60.94
   -0.04 1321.62   -0.02   96.25 1317.83   63.34
 A: interp,n, x1,x2,x2,x4,  y1,y2,y3,y4, xres,yres
  1  9   1301.9 1315.7 1340.0 1414.0    500.0  150.0   62.8   60.9   1317.8   63.3
  intersec: x1..x4 / y1..y4 / a,b,c,d, xres,yres
 1301.93 1288.44 1313.00 1386.00
  500.00  850.00  950.31  950.25
   -0.04 1321.21   -0.00  951.40 1284.54  950.33
 C: interp,n, x1,x2,x2,x4,  y1,y2,y3,y4, xres,yres
  1  9   1301.9 1288.4 1313.0 1386.0    500.0  850.0  950.3  950.2   1284.5  950.3
  intersec: x1..x4 / y1..y4 / a,b,c,d, xres,yres
 1425.56 1439.09 1414.00 1340.00
  500.00  150.00   60.94   62.79
   -0.04 1444.89   -0.02   96.25 1441.17   60.26
  intersec: x1..x4 / y1..y4 / a,b,c,d, xres,yres
 1425.56 1411.71 1386.00 1313.00
  500.00  850.00  950.25  950.31
   -0.04 1445.36   -0.00  951.40 1407.69  950.23
 F: interp,n, x1,x2,x2,x4,  y1,y2,y3,y4, xres,yres
  1  9   1425.6 1411.7 1386.0 1313.0    500.0  850.0  950.2  950.3   1407.7  950.2
  
  Points:           abcdef    klmn     ABCDEF
         with nl=   1....6    7..10   11....16
  Every both lines   xx(nl,nc) / yy(nl,nc)
                     for all nc=channels
  nl=           1
  110.64  258.05  412.76  558.96  711.68  864.70 1012.75 1167.03 1315.72
  150.00  150.00  150.00  150.00  150.00  150.00  150.00  150.00  150.00
  nl=           2
   97.62  244.90  399.20  545.60  698.15  851.01  998.94 1153.24 1301.93
  500.00  500.00  500.00  500.00  500.00  500.00  500.00  500.00  500.00
  nl=           3
   84.55  231.92  386.11  532.06  684.57  837.61  985.59 1139.85 1288.44
  850.00  850.00  850.00  850.00  850.00  850.00  850.00  850.00  850.00
  nl=           4
  232.56  380.34  535.14  681.64  834.36  987.74 1135.83 1290.18 1439.09
  150.00  150.00  150.00  150.00  150.00  150.00  150.00  150.00  150.00
  nl=           5
  219.72  367.15  522.04  668.34  821.00  974.10 1122.21 1276.74 1425.56
  500.00  500.00  500.00  500.00  500.00  500.00  500.00  500.00  500.00
  nl=           6
  206.26  353.80  508.12  654.33  807.09  960.25 1108.35 1262.90 1411.71
  850.00  850.00  850.00  850.00  850.00  850.00  850.00  850.00  850.00
  nl=           7
  135.00  283.00  437.00  583.00  736.00  889.00 1037.00 1192.00 1340.00
   60.06   60.81   60.68   61.17   62.03   62.36   62.08   61.97   62.79
  nl=           8
  109.00  256.00  411.00  557.00  709.00  862.00 1010.00 1164.00 1313.00
  947.27  947.93  947.84  948.74  949.15  949.59  949.41  949.28  950.31
  nl=           9
  207.00  355.00  510.00  656.00  809.00  962.00 1110.00 1265.00 1414.00
   58.59   59.08   59.00   59.80   60.32   60.81   60.52   60.10   60.94
  nl=          10
  181.00  328.00  483.00  629.00  782.00  935.00 1083.00 1237.00 1386.00
  947.28  947.89  947.86  948.67  949.17  949.44  949.31  949.23  950.25
  nl=          11
  113.88  261.15  415.83  561.93  714.42  867.39 1015.35 1169.29 1317.83
   60.50   61.34   61.16   61.57   62.53   62.81   62.54   62.56   63.34
  nl=          12
   97.62  244.90  399.20  545.60  698.15  851.01  998.94 1153.24 1301.93
  500.00  500.00  500.00  500.00  500.00  500.00  500.00  500.00  500.00
  nl=          13
   80.92  228.28  382.46  528.22  680.73  833.73  981.75 1136.03 1284.54
  947.26  947.95  947.83  948.76  949.14  949.65  949.45  949.29  950.33
  nl=          14
  235.75  383.44  538.11  684.59  837.05  990.42 1138.39 1292.39 1441.17
   58.00   58.40   58.35   59.26   59.66   60.21   59.91   59.39   60.26
  nl=          15
  219.72  367.15  522.04  668.34  821.00  974.10 1122.21 1276.74 1425.56
  500.00  500.00  500.00  500.00  500.00  500.00  500.00  500.00  500.00
  nl=          16
  202.52  350.07  504.24  650.36  803.16  956.24 1104.35 1258.95 1407.69
  947.29  947.88  947.87  948.65  949.18  949.40  949.28  949.22  950.23
  nexgeom:  first channel
   points: abcdef nn, xx,yy           1   110.641083       150.000000    
   points: abcdef nn, xx,yy           2   97.6177521       500.000000    
   points: abcdef nn, xx,yy           3   84.5532303       850.000000    
   points: abcdef nn, xx,yy           4   232.555130       150.000000    
   points: abcdef nn, xx,yy           5   219.718109       500.000000    
   points: abcdef nn, xx,yy           6   206.256012       850.000000    
  
   points: klmn  nn, xx,yy           7   135.000000       60.0638123    
   points: klmn  nn, xx,yy           8   109.000000       947.265076    
   points: klmn  nn, xx,yy           9   207.000000       58.5888252    
   points: klmn  nn, xx,yy          10   181.000000       947.283508    
  
   points: ABCDEF  nn, xx,yy          11   113.884659       60.4963799    
   points: ABCDEF  nn, xx,yy          12   97.6177521       500.000000    
   points: ABCDEF  nn, xx,yy          13   80.9236450       947.257874    
   points: ABCDEF  nn, xx,yy          14   235.752304       57.9998093    
   points: ABCDEF  nn, xx,yy          15   219.718109       500.000000    
   points: ABCDEF  nn, xx,yy          16   202.515961       947.289001    
  
   ABCDEF X for nm channels
   1     113.88    97.62    80.92       235.75   219.72   202.52
   2     261.15   244.90   228.28       383.44   367.15   350.07
   3     415.83   399.20   382.46       538.11   522.04   504.24
   4     561.93   545.60   528.22       684.59   668.34   650.36
   5     714.42   698.15   680.73       837.05   821.00   803.16
   6     867.39   851.01   833.73       990.42   974.10   956.24
   7    1015.35   998.94   981.75      1138.39  1122.21  1104.35
   8    1169.29  1153.24  1136.03      1292.39  1276.74  1258.95
   9    1317.83  1301.93  1284.54      1441.17  1425.56  1407.69
   ABCDEF Y for nm channels
   1      60.50   500.00   947.26        58.00   500.00   947.29
   2      61.34   500.00   947.95        58.40   500.00   947.88
   3      61.16   500.00   947.83        58.35   500.00   947.87
   4      61.57   500.00   948.76        59.26   500.00   948.65
   5      62.53   500.00   949.14        59.66   500.00   949.18
   6      62.81   500.00   949.65        60.21   500.00   949.40
   7      62.54   500.00   949.45        59.91   500.00   949.28
   8      62.56   500.00   949.29        59.39   500.00   949.22
   9      63.34   500.00   950.33        60.26   500.00   950.23
  nd, xdes, ydes            1   113.884659       60.4963799    
  nd, xdes, ydes            2   97.6177521       500.000000    
  nd, xdes, ydes            3   80.9236450       947.257874    
  nd, xdes, ydes            4   202.515961       947.289001    
  nd, xdes, ydes            5   219.718109       500.000000    
  nd, xdes, ydes            6   235.752304       57.9998093    
  nd, xdes, ydes            7   113.884659       60.4963799    
  nd, xdes, ydes            1   261.150635       61.3376198    
  nd, xdes, ydes            2   244.902435       500.000000    
  nd, xdes, ydes            3   228.284622       947.945007    
  nd, xdes, ydes            4   350.065125       947.880371    
  nd, xdes, ydes            5   367.146149       500.000000    
  nd, xdes, ydes            6   383.440094       58.3993111    
  nd, xdes, ydes            7   261.150635       61.3376198    
  nd, xdes, ydes            1   415.833923       61.1629601    
  nd, xdes, ydes            2   399.197449       500.000000    
  nd, xdes, ydes            3   382.461670       947.832886    
  nd, xdes, ydes            4   504.238342       947.866821    
  nd, xdes, ydes            5   522.035583       500.000000    
  nd, xdes, ydes            6   538.109741       58.3482361    
  nd, xdes, ydes            7   415.833923       61.1629601    
  nd, xdes, ydes            1   561.929199       61.5683594    
  nd, xdes, ydes            2   545.599121       500.000000    
  nd, xdes, ydes            3   528.218445       948.763550    
  nd, xdes, ydes            4   650.362854       948.649048    
  nd, xdes, ydes            5   668.339661       500.000000    
  nd, xdes, ydes            6   684.593994       59.2581825    
  nd, xdes, ydes            7   561.929199       61.5683594    
  nd, xdes, ydes            1   714.415894       62.5342865    
  nd, xdes, ydes            2   698.149597       500.000000    
  nd, xdes, ydes            3   680.732361       949.140686    
  nd, xdes, ydes            4   803.162903       949.178955    
  nd, xdes, ydes            5   820.995239       500.000000    
  nd, xdes, ydes            6   837.054810       59.6593132    
  nd, xdes, ydes            7   714.415894       62.5342865    
  nd, xdes, ydes            1   867.388428       62.8124008    
  nd, xdes, ydes            2   851.013062       500.000000    
  nd, xdes, ydes            3   833.727539       949.649536    
  nd, xdes, ydes            4   956.244568       949.395325    
  nd, xdes, ydes            5   974.098511       500.000000    
  nd, xdes, ydes            6   990.424438       60.2107925    
  nd, xdes, ydes            7   867.388428       62.8124008    
  nd, xdes, ydes            1   1015.35144       62.5375671    
  nd, xdes, ydes            2   998.938660       500.000000    
  nd, xdes, ydes            3   981.751038       949.448975    
  nd, xdes, ydes            4   1104.35242       949.277893    
  nd, xdes, ydes            5   1122.20801       500.000000    
  nd, xdes, ydes            6   1138.38574       59.9129906    
  nd, xdes, ydes            7   1015.35144       62.5375671    
  nd, xdes, ydes            1   1169.29114       62.5555954    
  nd, xdes, ydes            2   1153.23682       500.000000    
  nd, xdes, ydes            3   1136.03149       949.291748    
  nd, xdes, ydes            4   1258.95020       949.219971    
  nd, xdes, ydes            5   1276.74060       500.000000    
  nd, xdes, ydes            6   1292.38843       59.3920097    
  nd, xdes, ydes            7   1169.29114       62.5555954    
  nd, xdes, ydes            1   1317.83289       63.3416214    
  nd, xdes, ydes            2   1301.93481       500.000000    
  nd, xdes, ydes            3   1284.53601       950.331726    
  nd, xdes, ydes            4   1407.69141       950.228882    
  nd, xdes, ydes            5   1425.56433       500.000000    
  nd, xdes, ydes            6   1441.16821       60.2613602    
  nd, xdes, ydes            7   1317.83289       63.3416214    
  geo2:
 xx / yy  for first channel
   110.641083       97.6177521       84.5532303       232.555130       219.718109       206.256012    
   150.000000       500.000000       850.000000       150.000000       500.000000       850.000000    
  nd, xdes, ydes            1   113.884659       60.4963799    
  nd, xdes, ydes            2   97.6177521       500.000000    
  nd, xdes, ydes            3   80.9236450       947.257874    
  nd, xdes, ydes            4   202.515961       947.289001    
  nd, xdes, ydes            5   219.718109       500.000000    
  nd, xdes, ydes            6   235.752304       57.9998093    
  nd, xdes, ydes            7   113.884659       60.4963799    
  plotgeo3: 
 par1   interp       1       1
  plotgeo3: AC    32.9610138       32.8660126       33.3722534       33.7107544       33.6835327       33.6608887       33.6004028       33.2596436       33.2968750    
  plotgeo3: DF    33.2363434       33.3749695       33.8713989       34.2311401       33.8919067       34.1798706       34.0333252       33.4382324       33.4768066    
  plotgeo3: AC    121.867645       122.289459       122.275818       122.664795       122.638916       123.036011       123.034302       123.097290       123.335327    
  plotgeo3: CF    121.592316       121.780502       121.776672       122.144409       122.430542       122.517029       122.601379       122.918701       123.155396    
  plotgeo3: AC    886.761475       886.607361       886.669922       887.195190       886.606384       886.837158       886.911377       886.736145       886.990112    
  plotgeo3: DF    889.289185       889.481079       889.518555       889.390869       889.519653       889.184509       889.364929       889.827942       889.967529    
  plotgeo3: AC    2.49657059       2.93830872       2.81472397       2.31017685       2.87497330       2.60160828       2.62457657       3.16358566       3.08026123    
  plotgeo3: CF    3.11279297E-02   6.46362305E-02   3.39355469E-02  0.114501953       3.82690430E-02  0.254211426      0.171081543       7.17773438E-02  0.102844238    



  end geom
